2021-01-02 11:49:30 INFO  ProductoApplication:55 - Starting ProductoApplication using Java 1.8.0_251 on DESKTOP-MJIUS5B with PID 8960 (C:\Users\DELL\Music\producto\target\classes started by DELL in C:\Users\DELL\Music\producto)
2021-01-02 11:49:30 INFO  ProductoApplication:660 - No active profile set, falling back to default profiles: default
2021-01-02 11:49:31 INFO  RepositoryConfigurationDelegate:128 - Bootstrapping Spring Data JPA repositories in DEFAULT mode.
2021-01-02 11:49:31 INFO  RepositoryConfigurationDelegate:188 - Finished Spring Data repository scanning in 310 ms. Found 1 JPA repository interfaces.
2021-01-02 11:49:32 INFO  TomcatWebServer:108 - Tomcat initialized with port(s): 9090 (http)
2021-01-02 11:49:33 INFO  ServletWebServerApplicationContext:289 - Root WebApplicationContext: initialization completed in 3130 ms
2021-01-02 11:49:34 INFO  HikariDataSource:110 - HikariPool-1 - Starting...
2021-01-02 11:49:34 INFO  HikariDataSource:123 - HikariPool-1 - Start completed.
2021-01-02 11:49:34 INFO  LogHelper:31 - HHH000204: Processing PersistenceUnitInfo [name: default]
2021-01-02 11:49:34 INFO  Version:44 - HHH000412: Hibernate ORM core version 5.4.25.Final
2021-01-02 11:49:34 INFO  Version:56 - HCANN000001: Hibernate Commons Annotations {5.1.2.Final}
2021-01-02 11:49:34 INFO  Dialect:175 - HHH000400: Using dialect: org.hibernate.dialect.PostgreSQL95Dialect
2021-01-02 11:49:36 INFO  JtaPlatformInitiator:52 - HHH000490: Using JtaPlatform implementation: [org.hibernate.engine.transaction.jta.platform.internal.NoJtaPlatform]
2021-01-02 11:49:36 INFO  LocalContainerEntityManagerFactoryBean:437 - Initialized JPA EntityManagerFactory for persistence unit 'default'
2021-01-02 11:49:36 WARN  JpaBaseConfiguration$JpaWebConfiguration:221 - spring.jpa.open-in-view is enabled by default. Therefore, database queries may be performed during view rendering. Explicitly configure spring.jpa.open-in-view to disable this warning
2021-01-02 11:49:36 INFO  ThreadPoolTaskExecutor:181 - Initializing ExecutorService 'applicationTaskExecutor'
2021-01-02 11:49:36 INFO  WelcomePageHandlerMapping:58 - Adding welcome page template: index
2021-01-02 11:49:37 WARN  AnnotationConfigServletWebServerApplicationContext:596 - Exception encountered during context initialization - cancelling refresh attempt: org.springframework.beans.factory.BeanCreationException: Error creating bean with name 'productoRepository' defined in com.producto.repository.ProductoRepository defined in @EnableJpaRepositories declared on JpaRepositoriesRegistrar.EnableJpaRepositoriesConfiguration: Invocation of init method failed; nested exception is java.lang.IllegalArgumentException: Failed to create query for method public abstract com.producto.model.Producto com.producto.repository.ProductoRepository.findByCodigo(java.lang.String)! No property codigo found for type Producto!
2021-01-02 11:49:37 INFO  ThreadPoolTaskExecutor:218 - Shutting down ExecutorService 'applicationTaskExecutor'
2021-01-02 11:49:37 INFO  LocalContainerEntityManagerFactoryBean:651 - Closing JPA EntityManagerFactory for persistence unit 'default'
2021-01-02 11:49:37 INFO  HikariDataSource:350 - HikariPool-1 - Shutdown initiated...
2021-01-02 11:49:37 INFO  HikariDataSource:352 - HikariPool-1 - Shutdown completed.
2021-01-02 11:49:37 INFO  ConditionEvaluationReportLoggingListener:136 - 

Error starting ApplicationContext. To display the conditions report re-run your application with 'debug' enabled.
2021-01-02 11:49:37 ERROR SpringApplication:856 - Application run failed
org.springframework.beans.factory.BeanCreationException: Error creating bean with name 'productoRepository' defined in com.producto.repository.ProductoRepository defined in @EnableJpaRepositories declared on JpaRepositoriesRegistrar.EnableJpaRepositoriesConfiguration: Invocation of init method failed; nested exception is java.lang.IllegalArgumentException: Failed to create query for method public abstract com.producto.model.Producto com.producto.repository.ProductoRepository.findByCodigo(java.lang.String)! No property codigo found for type Producto!
	at org.springframework.beans.factory.support.AbstractAutowireCapableBeanFactory.initializeBean(AbstractAutowireCapableBeanFactory.java:1788)
	at org.springframework.beans.factory.support.AbstractAutowireCapableBeanFactory.doCreateBean(AbstractAutowireCapableBeanFactory.java:609)
	at org.springframework.beans.factory.support.AbstractAutowireCapableBeanFactory.createBean(AbstractAutowireCapableBeanFactory.java:531)
	at org.springframework.beans.factory.support.AbstractBeanFactory.lambda$doGetBean$0(AbstractBeanFactory.java:335)
	at org.springframework.beans.factory.support.DefaultSingletonBeanRegistry.getSingleton(DefaultSingletonBeanRegistry.java:234)
	at org.springframework.beans.factory.support.AbstractBeanFactory.doGetBean(AbstractBeanFactory.java:333)
	at org.springframework.beans.factory.support.AbstractBeanFactory.getBean(AbstractBeanFactory.java:208)
	at org.springframework.beans.factory.support.DefaultListableBeanFactory.preInstantiateSingletons(DefaultListableBeanFactory.java:925)
	at org.springframework.context.support.AbstractApplicationContext.finishBeanFactoryInitialization(AbstractApplicationContext.java:923)
	at org.springframework.context.support.AbstractApplicationContext.refresh(AbstractApplicationContext.java:588)
	at org.springframework.boot.web.servlet.context.ServletWebServerApplicationContext.refresh(ServletWebServerApplicationContext.java:144)
	at org.springframework.boot.SpringApplication.refresh(SpringApplication.java:767)
	at org.springframework.boot.SpringApplication.refresh(SpringApplication.java:759)
	at org.springframework.boot.SpringApplication.refreshContext(SpringApplication.java:426)
	at org.springframework.boot.SpringApplication.run(SpringApplication.java:326)
	at org.springframework.boot.SpringApplication.run(SpringApplication.java:1309)
	at org.springframework.boot.SpringApplication.run(SpringApplication.java:1298)
	at com.producto.ProductoApplication.main(ProductoApplication.java:10)
Caused by: java.lang.IllegalArgumentException: Failed to create query for method public abstract com.producto.model.Producto com.producto.repository.ProductoRepository.findByCodigo(java.lang.String)! No property codigo found for type Producto!
	at org.springframework.data.jpa.repository.query.PartTreeJpaQuery.<init>(PartTreeJpaQuery.java:96)
	at org.springframework.data.jpa.repository.query.JpaQueryLookupStrategy$CreateQueryLookupStrategy.resolveQuery(JpaQueryLookupStrategy.java:107)
	at org.springframework.data.jpa.repository.query.JpaQueryLookupStrategy$CreateIfNotFoundQueryLookupStrategy.resolveQuery(JpaQueryLookupStrategy.java:218)
	at org.springframework.data.jpa.repository.query.JpaQueryLookupStrategy$AbstractQueryLookupStrategy.resolveQuery(JpaQueryLookupStrategy.java:81)
	at org.springframework.data.repository.core.support.QueryExecutorMethodInterceptor.lookupQuery(QueryExecutorMethodInterceptor.java:100)
	at org.springframework.data.repository.core.support.QueryExecutorMethodInterceptor.lambda$mapMethodsToQuery$1(QueryExecutorMethodInterceptor.java:93)
	at java.util.stream.ReferencePipeline$3$1.accept(ReferencePipeline.java:193)
	at java.util.Iterator.forEachRemaining(Iterator.java:116)
	at java.util.Collections$UnmodifiableCollection$1.forEachRemaining(Collections.java:1051)
	at java.util.Spliterators$IteratorSpliterator.forEachRemaining(Spliterators.java:1801)
	at java.util.stream.AbstractPipeline.copyInto(AbstractPipeline.java:482)
	at java.util.stream.AbstractPipeline.wrapAndCopyInto(AbstractPipeline.java:472)
	at java.util.stream.ReduceOps$ReduceOp.evaluateSequential(ReduceOps.java:708)
	at java.util.stream.AbstractPipeline.evaluate(AbstractPipeline.java:234)
	at java.util.stream.ReferencePipeline.collect(ReferencePipeline.java:499)
	at org.springframework.data.repository.core.support.QueryExecutorMethodInterceptor.mapMethodsToQuery(QueryExecutorMethodInterceptor.java:95)
	at org.springframework.data.repository.core.support.QueryExecutorMethodInterceptor.lambda$new$0(QueryExecutorMethodInterceptor.java:85)
	at java.util.Optional.map(Optional.java:215)
	at org.springframework.data.repository.core.support.QueryExecutorMethodInterceptor.<init>(QueryExecutorMethodInterceptor.java:85)
	at org.springframework.data.repository.core.support.RepositoryFactorySupport.getRepository(RepositoryFactorySupport.java:303)
	at org.springframework.data.repository.core.support.RepositoryFactoryBeanSupport.lambda$afterPropertiesSet$6(RepositoryFactoryBeanSupport.java:326)
	at org.springframework.data.util.Lazy.getNullable(Lazy.java:230)
	at org.springframework.data.util.Lazy.get(Lazy.java:114)
	at org.springframework.data.repository.core.support.RepositoryFactoryBeanSupport.afterPropertiesSet(RepositoryFactoryBeanSupport.java:329)
	at org.springframework.data.jpa.repository.support.JpaRepositoryFactoryBean.afterPropertiesSet(JpaRepositoryFactoryBean.java:144)
	at org.springframework.beans.factory.support.AbstractAutowireCapableBeanFactory.invokeInitMethods(AbstractAutowireCapableBeanFactory.java:1847)
	at org.springframework.beans.factory.support.AbstractAutowireCapableBeanFactory.initializeBean(AbstractAutowireCapableBeanFactory.java:1784)
	... 17 more
Caused by: org.springframework.data.mapping.PropertyReferenceException: No property codigo found for type Producto!
	at org.springframework.data.mapping.PropertyPath.<init>(PropertyPath.java:90)
	at org.springframework.data.mapping.PropertyPath.create(PropertyPath.java:437)
	at org.springframework.data.mapping.PropertyPath.create(PropertyPath.java:413)
	at org.springframework.data.mapping.PropertyPath.lambda$from$0(PropertyPath.java:366)
	at java.util.concurrent.ConcurrentMap.computeIfAbsent(ConcurrentMap.java:324)
	at org.springframework.data.mapping.PropertyPath.from(PropertyPath.java:348)
	at org.springframework.data.mapping.PropertyPath.from(PropertyPath.java:331)
	at org.springframework.data.repository.query.parser.Part.<init>(Part.java:81)
	at org.springframework.data.repository.query.parser.PartTree$OrPart.lambda$new$0(PartTree.java:249)
	at java.util.stream.ReferencePipeline$3$1.accept(ReferencePipeline.java:193)
	at java.util.stream.ReferencePipeline$2$1.accept(ReferencePipeline.java:175)
	at java.util.Spliterators$ArraySpliterator.forEachRemaining(Spliterators.java:948)
	at java.util.stream.AbstractPipeline.copyInto(AbstractPipeline.java:482)
	at java.util.stream.AbstractPipeline.wrapAndCopyInto(AbstractPipeline.java:472)
	at java.util.stream.ReduceOps$ReduceOp.evaluateSequential(ReduceOps.java:708)
	at java.util.stream.AbstractPipeline.evaluate(AbstractPipeline.java:234)
	at java.util.stream.ReferencePipeline.collect(ReferencePipeline.java:499)
	at org.springframework.data.repository.query.parser.PartTree$OrPart.<init>(PartTree.java:250)
	at org.springframework.data.repository.query.parser.PartTree$Predicate.lambda$new$0(PartTree.java:383)
	at java.util.stream.ReferencePipeline$3$1.accept(ReferencePipeline.java:193)
	at java.util.stream.ReferencePipeline$2$1.accept(ReferencePipeline.java:175)
	at java.util.Spliterators$ArraySpliterator.forEachRemaining(Spliterators.java:948)
	at java.util.stream.AbstractPipeline.copyInto(AbstractPipeline.java:482)
	at java.util.stream.AbstractPipeline.wrapAndCopyInto(AbstractPipeline.java:472)
	at java.util.stream.ReduceOps$ReduceOp.evaluateSequential(ReduceOps.java:708)
	at java.util.stream.AbstractPipeline.evaluate(AbstractPipeline.java:234)
	at java.util.stream.ReferencePipeline.collect(ReferencePipeline.java:499)
	at org.springframework.data.repository.query.parser.PartTree$Predicate.<init>(PartTree.java:384)
	at org.springframework.data.repository.query.parser.PartTree.<init>(PartTree.java:95)
	at org.springframework.data.jpa.repository.query.PartTreeJpaQuery.<init>(PartTreeJpaQuery.java:89)
	... 43 more
2021-01-02 11:50:53 INFO  ProductoApplication:55 - Starting ProductoApplication using Java 1.8.0_251 on DESKTOP-MJIUS5B with PID 8308 (C:\Users\DELL\Music\producto\target\classes started by DELL in C:\Users\DELL\Music\producto)
2021-01-02 11:50:53 INFO  ProductoApplication:660 - No active profile set, falling back to default profiles: default
2021-01-02 11:50:54 INFO  RepositoryConfigurationDelegate:128 - Bootstrapping Spring Data JPA repositories in DEFAULT mode.
2021-01-02 11:50:54 INFO  RepositoryConfigurationDelegate:188 - Finished Spring Data repository scanning in 103 ms. Found 1 JPA repository interfaces.
2021-01-02 11:50:55 INFO  TomcatWebServer:108 - Tomcat initialized with port(s): 9090 (http)
2021-01-02 11:50:56 INFO  ServletWebServerApplicationContext:289 - Root WebApplicationContext: initialization completed in 2740 ms
2021-01-02 11:50:56 INFO  HikariDataSource:110 - HikariPool-1 - Starting...
2021-01-02 11:50:56 INFO  HikariDataSource:123 - HikariPool-1 - Start completed.
2021-01-02 11:50:57 INFO  LogHelper:31 - HHH000204: Processing PersistenceUnitInfo [name: default]
2021-01-02 11:50:57 INFO  Version:44 - HHH000412: Hibernate ORM core version 5.4.25.Final
2021-01-02 11:50:57 INFO  Version:56 - HCANN000001: Hibernate Commons Annotations {5.1.2.Final}
2021-01-02 11:50:57 INFO  Dialect:175 - HHH000400: Using dialect: org.hibernate.dialect.PostgreSQL95Dialect
2021-01-02 11:50:58 INFO  JtaPlatformInitiator:52 - HHH000490: Using JtaPlatform implementation: [org.hibernate.engine.transaction.jta.platform.internal.NoJtaPlatform]
2021-01-02 11:50:58 INFO  LocalContainerEntityManagerFactoryBean:437 - Initialized JPA EntityManagerFactory for persistence unit 'default'
2021-01-02 11:50:58 WARN  JpaBaseConfiguration$JpaWebConfiguration:221 - spring.jpa.open-in-view is enabled by default. Therefore, database queries may be performed during view rendering. Explicitly configure spring.jpa.open-in-view to disable this warning
2021-01-02 11:50:58 INFO  ThreadPoolTaskExecutor:181 - Initializing ExecutorService 'applicationTaskExecutor'
2021-01-02 11:50:58 INFO  WelcomePageHandlerMapping:58 - Adding welcome page template: index
2021-01-02 11:50:58 WARN  AnnotationConfigServletWebServerApplicationContext:596 - Exception encountered during context initialization - cancelling refresh attempt: org.springframework.beans.factory.BeanCreationException: Error creating bean with name 'productoRepository' defined in com.producto.repository.ProductoRepository defined in @EnableJpaRepositories declared on JpaRepositoriesRegistrar.EnableJpaRepositoriesConfiguration: Invocation of init method failed; nested exception is java.lang.IllegalArgumentException: Failed to create query for method public abstract com.producto.model.Producto com.producto.repository.ProductoRepository.findByCodigo(java.lang.String)! No property codigo found for type Producto!
2021-01-02 11:50:58 INFO  ThreadPoolTaskExecutor:218 - Shutting down ExecutorService 'applicationTaskExecutor'
2021-01-02 11:50:58 INFO  LocalContainerEntityManagerFactoryBean:651 - Closing JPA EntityManagerFactory for persistence unit 'default'
2021-01-02 11:50:58 INFO  HikariDataSource:350 - HikariPool-1 - Shutdown initiated...
2021-01-02 11:50:58 INFO  HikariDataSource:352 - HikariPool-1 - Shutdown completed.
2021-01-02 11:50:58 INFO  ConditionEvaluationReportLoggingListener:136 - 

Error starting ApplicationContext. To display the conditions report re-run your application with 'debug' enabled.
2021-01-02 11:50:59 ERROR SpringApplication:856 - Application run failed
org.springframework.beans.factory.BeanCreationException: Error creating bean with name 'productoRepository' defined in com.producto.repository.ProductoRepository defined in @EnableJpaRepositories declared on JpaRepositoriesRegistrar.EnableJpaRepositoriesConfiguration: Invocation of init method failed; nested exception is java.lang.IllegalArgumentException: Failed to create query for method public abstract com.producto.model.Producto com.producto.repository.ProductoRepository.findByCodigo(java.lang.String)! No property codigo found for type Producto!
	at org.springframework.beans.factory.support.AbstractAutowireCapableBeanFactory.initializeBean(AbstractAutowireCapableBeanFactory.java:1788)
	at org.springframework.beans.factory.support.AbstractAutowireCapableBeanFactory.doCreateBean(AbstractAutowireCapableBeanFactory.java:609)
	at org.springframework.beans.factory.support.AbstractAutowireCapableBeanFactory.createBean(AbstractAutowireCapableBeanFactory.java:531)
	at org.springframework.beans.factory.support.AbstractBeanFactory.lambda$doGetBean$0(AbstractBeanFactory.java:335)
	at org.springframework.beans.factory.support.DefaultSingletonBeanRegistry.getSingleton(DefaultSingletonBeanRegistry.java:234)
	at org.springframework.beans.factory.support.AbstractBeanFactory.doGetBean(AbstractBeanFactory.java:333)
	at org.springframework.beans.factory.support.AbstractBeanFactory.getBean(AbstractBeanFactory.java:208)
	at org.springframework.beans.factory.support.DefaultListableBeanFactory.preInstantiateSingletons(DefaultListableBeanFactory.java:925)
	at org.springframework.context.support.AbstractApplicationContext.finishBeanFactoryInitialization(AbstractApplicationContext.java:923)
	at org.springframework.context.support.AbstractApplicationContext.refresh(AbstractApplicationContext.java:588)
	at org.springframework.boot.web.servlet.context.ServletWebServerApplicationContext.refresh(ServletWebServerApplicationContext.java:144)
	at org.springframework.boot.SpringApplication.refresh(SpringApplication.java:767)
	at org.springframework.boot.SpringApplication.refresh(SpringApplication.java:759)
	at org.springframework.boot.SpringApplication.refreshContext(SpringApplication.java:426)
	at org.springframework.boot.SpringApplication.run(SpringApplication.java:326)
	at org.springframework.boot.SpringApplication.run(SpringApplication.java:1309)
	at org.springframework.boot.SpringApplication.run(SpringApplication.java:1298)
	at com.producto.ProductoApplication.main(ProductoApplication.java:10)
Caused by: java.lang.IllegalArgumentException: Failed to create query for method public abstract com.producto.model.Producto com.producto.repository.ProductoRepository.findByCodigo(java.lang.String)! No property codigo found for type Producto!
	at org.springframework.data.jpa.repository.query.PartTreeJpaQuery.<init>(PartTreeJpaQuery.java:96)
	at org.springframework.data.jpa.repository.query.JpaQueryLookupStrategy$CreateQueryLookupStrategy.resolveQuery(JpaQueryLookupStrategy.java:107)
	at org.springframework.data.jpa.repository.query.JpaQueryLookupStrategy$CreateIfNotFoundQueryLookupStrategy.resolveQuery(JpaQueryLookupStrategy.java:218)
	at org.springframework.data.jpa.repository.query.JpaQueryLookupStrategy$AbstractQueryLookupStrategy.resolveQuery(JpaQueryLookupStrategy.java:81)
	at org.springframework.data.repository.core.support.QueryExecutorMethodInterceptor.lookupQuery(QueryExecutorMethodInterceptor.java:100)
	at org.springframework.data.repository.core.support.QueryExecutorMethodInterceptor.lambda$mapMethodsToQuery$1(QueryExecutorMethodInterceptor.java:93)
	at java.util.stream.ReferencePipeline$3$1.accept(ReferencePipeline.java:193)
	at java.util.Iterator.forEachRemaining(Iterator.java:116)
	at java.util.Collections$UnmodifiableCollection$1.forEachRemaining(Collections.java:1051)
	at java.util.Spliterators$IteratorSpliterator.forEachRemaining(Spliterators.java:1801)
	at java.util.stream.AbstractPipeline.copyInto(AbstractPipeline.java:482)
	at java.util.stream.AbstractPipeline.wrapAndCopyInto(AbstractPipeline.java:472)
	at java.util.stream.ReduceOps$ReduceOp.evaluateSequential(ReduceOps.java:708)
	at java.util.stream.AbstractPipeline.evaluate(AbstractPipeline.java:234)
	at java.util.stream.ReferencePipeline.collect(ReferencePipeline.java:499)
	at org.springframework.data.repository.core.support.QueryExecutorMethodInterceptor.mapMethodsToQuery(QueryExecutorMethodInterceptor.java:95)
	at org.springframework.data.repository.core.support.QueryExecutorMethodInterceptor.lambda$new$0(QueryExecutorMethodInterceptor.java:85)
	at java.util.Optional.map(Optional.java:215)
	at org.springframework.data.repository.core.support.QueryExecutorMethodInterceptor.<init>(QueryExecutorMethodInterceptor.java:85)
	at org.springframework.data.repository.core.support.RepositoryFactorySupport.getRepository(RepositoryFactorySupport.java:303)
	at org.springframework.data.repository.core.support.RepositoryFactoryBeanSupport.lambda$afterPropertiesSet$6(RepositoryFactoryBeanSupport.java:326)
	at org.springframework.data.util.Lazy.getNullable(Lazy.java:230)
	at org.springframework.data.util.Lazy.get(Lazy.java:114)
	at org.springframework.data.repository.core.support.RepositoryFactoryBeanSupport.afterPropertiesSet(RepositoryFactoryBeanSupport.java:329)
	at org.springframework.data.jpa.repository.support.JpaRepositoryFactoryBean.afterPropertiesSet(JpaRepositoryFactoryBean.java:144)
	at org.springframework.beans.factory.support.AbstractAutowireCapableBeanFactory.invokeInitMethods(AbstractAutowireCapableBeanFactory.java:1847)
	at org.springframework.beans.factory.support.AbstractAutowireCapableBeanFactory.initializeBean(AbstractAutowireCapableBeanFactory.java:1784)
	... 17 more
Caused by: org.springframework.data.mapping.PropertyReferenceException: No property codigo found for type Producto!
	at org.springframework.data.mapping.PropertyPath.<init>(PropertyPath.java:90)
	at org.springframework.data.mapping.PropertyPath.create(PropertyPath.java:437)
	at org.springframework.data.mapping.PropertyPath.create(PropertyPath.java:413)
	at org.springframework.data.mapping.PropertyPath.lambda$from$0(PropertyPath.java:366)
	at java.util.concurrent.ConcurrentMap.computeIfAbsent(ConcurrentMap.java:324)
	at org.springframework.data.mapping.PropertyPath.from(PropertyPath.java:348)
	at org.springframework.data.mapping.PropertyPath.from(PropertyPath.java:331)
	at org.springframework.data.repository.query.parser.Part.<init>(Part.java:81)
	at org.springframework.data.repository.query.parser.PartTree$OrPart.lambda$new$0(PartTree.java:249)
	at java.util.stream.ReferencePipeline$3$1.accept(ReferencePipeline.java:193)
	at java.util.stream.ReferencePipeline$2$1.accept(ReferencePipeline.java:175)
	at java.util.Spliterators$ArraySpliterator.forEachRemaining(Spliterators.java:948)
	at java.util.stream.AbstractPipeline.copyInto(AbstractPipeline.java:482)
	at java.util.stream.AbstractPipeline.wrapAndCopyInto(AbstractPipeline.java:472)
	at java.util.stream.ReduceOps$ReduceOp.evaluateSequential(ReduceOps.java:708)
	at java.util.stream.AbstractPipeline.evaluate(AbstractPipeline.java:234)
	at java.util.stream.ReferencePipeline.collect(ReferencePipeline.java:499)
	at org.springframework.data.repository.query.parser.PartTree$OrPart.<init>(PartTree.java:250)
	at org.springframework.data.repository.query.parser.PartTree$Predicate.lambda$new$0(PartTree.java:383)
	at java.util.stream.ReferencePipeline$3$1.accept(ReferencePipeline.java:193)
	at java.util.stream.ReferencePipeline$2$1.accept(ReferencePipeline.java:175)
	at java.util.Spliterators$ArraySpliterator.forEachRemaining(Spliterators.java:948)
	at java.util.stream.AbstractPipeline.copyInto(AbstractPipeline.java:482)
	at java.util.stream.AbstractPipeline.wrapAndCopyInto(AbstractPipeline.java:472)
	at java.util.stream.ReduceOps$ReduceOp.evaluateSequential(ReduceOps.java:708)
	at java.util.stream.AbstractPipeline.evaluate(AbstractPipeline.java:234)
	at java.util.stream.ReferencePipeline.collect(ReferencePipeline.java:499)
	at org.springframework.data.repository.query.parser.PartTree$Predicate.<init>(PartTree.java:384)
	at org.springframework.data.repository.query.parser.PartTree.<init>(PartTree.java:95)
	at org.springframework.data.jpa.repository.query.PartTreeJpaQuery.<init>(PartTreeJpaQuery.java:89)
	... 43 more
2021-01-02 11:57:13 INFO  ProductoApplication:55 - Starting ProductoApplication using Java 1.8.0_251 on DESKTOP-MJIUS5B with PID 9032 (C:\Users\DELL\Music\producto\target\classes started by DELL in C:\Users\DELL\Music\producto)
2021-01-02 11:57:13 INFO  ProductoApplication:660 - No active profile set, falling back to default profiles: default
2021-01-02 11:57:14 INFO  RepositoryConfigurationDelegate:128 - Bootstrapping Spring Data JPA repositories in DEFAULT mode.
2021-01-02 11:57:14 INFO  RepositoryConfigurationDelegate:188 - Finished Spring Data repository scanning in 100 ms. Found 1 JPA repository interfaces.
2021-01-02 11:57:15 INFO  TomcatWebServer:108 - Tomcat initialized with port(s): 9090 (http)
2021-01-02 11:57:16 INFO  ServletWebServerApplicationContext:289 - Root WebApplicationContext: initialization completed in 2765 ms
2021-01-02 11:57:17 INFO  HikariDataSource:110 - HikariPool-1 - Starting...
2021-01-02 11:57:17 INFO  HikariDataSource:123 - HikariPool-1 - Start completed.
2021-01-02 11:57:17 INFO  LogHelper:31 - HHH000204: Processing PersistenceUnitInfo [name: default]
2021-01-02 11:57:17 INFO  Version:44 - HHH000412: Hibernate ORM core version 5.4.25.Final
2021-01-02 11:57:17 INFO  Version:56 - HCANN000001: Hibernate Commons Annotations {5.1.2.Final}
2021-01-02 11:57:17 INFO  Dialect:175 - HHH000400: Using dialect: org.hibernate.dialect.PostgreSQL95Dialect
2021-01-02 11:57:18 INFO  JtaPlatformInitiator:52 - HHH000490: Using JtaPlatform implementation: [org.hibernate.engine.transaction.jta.platform.internal.NoJtaPlatform]
2021-01-02 11:57:18 INFO  LocalContainerEntityManagerFactoryBean:437 - Initialized JPA EntityManagerFactory for persistence unit 'default'
2021-01-02 11:57:18 WARN  JpaBaseConfiguration$JpaWebConfiguration:221 - spring.jpa.open-in-view is enabled by default. Therefore, database queries may be performed during view rendering. Explicitly configure spring.jpa.open-in-view to disable this warning
2021-01-02 11:57:18 INFO  ThreadPoolTaskExecutor:181 - Initializing ExecutorService 'applicationTaskExecutor'
2021-01-02 11:57:18 INFO  WelcomePageHandlerMapping:58 - Adding welcome page template: index
2021-01-02 11:57:19 WARN  AnnotationConfigServletWebServerApplicationContext:596 - Exception encountered during context initialization - cancelling refresh attempt: org.springframework.beans.factory.BeanCreationException: Error creating bean with name 'productoRepository' defined in com.producto.repository.ProductoRepository defined in @EnableJpaRepositories declared on JpaRepositoriesRegistrar.EnableJpaRepositoriesConfiguration: Invocation of init method failed; nested exception is java.lang.IllegalArgumentException: Failed to create query for method public abstract com.producto.model.Producto com.producto.repository.ProductoRepository.findByProdId(java.lang.Long)! No property prodId found for type Producto!
2021-01-02 11:57:19 INFO  ThreadPoolTaskExecutor:218 - Shutting down ExecutorService 'applicationTaskExecutor'
2021-01-02 11:57:19 INFO  LocalContainerEntityManagerFactoryBean:651 - Closing JPA EntityManagerFactory for persistence unit 'default'
2021-01-02 11:57:19 INFO  HikariDataSource:350 - HikariPool-1 - Shutdown initiated...
2021-01-02 11:57:19 INFO  HikariDataSource:352 - HikariPool-1 - Shutdown completed.
2021-01-02 11:57:19 INFO  ConditionEvaluationReportLoggingListener:136 - 

Error starting ApplicationContext. To display the conditions report re-run your application with 'debug' enabled.
2021-01-02 11:57:19 ERROR SpringApplication:856 - Application run failed
org.springframework.beans.factory.BeanCreationException: Error creating bean with name 'productoRepository' defined in com.producto.repository.ProductoRepository defined in @EnableJpaRepositories declared on JpaRepositoriesRegistrar.EnableJpaRepositoriesConfiguration: Invocation of init method failed; nested exception is java.lang.IllegalArgumentException: Failed to create query for method public abstract com.producto.model.Producto com.producto.repository.ProductoRepository.findByProdId(java.lang.Long)! No property prodId found for type Producto!
	at org.springframework.beans.factory.support.AbstractAutowireCapableBeanFactory.initializeBean(AbstractAutowireCapableBeanFactory.java:1788)
	at org.springframework.beans.factory.support.AbstractAutowireCapableBeanFactory.doCreateBean(AbstractAutowireCapableBeanFactory.java:609)
	at org.springframework.beans.factory.support.AbstractAutowireCapableBeanFactory.createBean(AbstractAutowireCapableBeanFactory.java:531)
	at org.springframework.beans.factory.support.AbstractBeanFactory.lambda$doGetBean$0(AbstractBeanFactory.java:335)
	at org.springframework.beans.factory.support.DefaultSingletonBeanRegistry.getSingleton(DefaultSingletonBeanRegistry.java:234)
	at org.springframework.beans.factory.support.AbstractBeanFactory.doGetBean(AbstractBeanFactory.java:333)
	at org.springframework.beans.factory.support.AbstractBeanFactory.getBean(AbstractBeanFactory.java:208)
	at org.springframework.beans.factory.support.DefaultListableBeanFactory.preInstantiateSingletons(DefaultListableBeanFactory.java:925)
	at org.springframework.context.support.AbstractApplicationContext.finishBeanFactoryInitialization(AbstractApplicationContext.java:923)
	at org.springframework.context.support.AbstractApplicationContext.refresh(AbstractApplicationContext.java:588)
	at org.springframework.boot.web.servlet.context.ServletWebServerApplicationContext.refresh(ServletWebServerApplicationContext.java:144)
	at org.springframework.boot.SpringApplication.refresh(SpringApplication.java:767)
	at org.springframework.boot.SpringApplication.refresh(SpringApplication.java:759)
	at org.springframework.boot.SpringApplication.refreshContext(SpringApplication.java:426)
	at org.springframework.boot.SpringApplication.run(SpringApplication.java:326)
	at org.springframework.boot.SpringApplication.run(SpringApplication.java:1309)
	at org.springframework.boot.SpringApplication.run(SpringApplication.java:1298)
	at com.producto.ProductoApplication.main(ProductoApplication.java:10)
Caused by: java.lang.IllegalArgumentException: Failed to create query for method public abstract com.producto.model.Producto com.producto.repository.ProductoRepository.findByProdId(java.lang.Long)! No property prodId found for type Producto!
	at org.springframework.data.jpa.repository.query.PartTreeJpaQuery.<init>(PartTreeJpaQuery.java:96)
	at org.springframework.data.jpa.repository.query.JpaQueryLookupStrategy$CreateQueryLookupStrategy.resolveQuery(JpaQueryLookupStrategy.java:107)
	at org.springframework.data.jpa.repository.query.JpaQueryLookupStrategy$CreateIfNotFoundQueryLookupStrategy.resolveQuery(JpaQueryLookupStrategy.java:218)
	at org.springframework.data.jpa.repository.query.JpaQueryLookupStrategy$AbstractQueryLookupStrategy.resolveQuery(JpaQueryLookupStrategy.java:81)
	at org.springframework.data.repository.core.support.QueryExecutorMethodInterceptor.lookupQuery(QueryExecutorMethodInterceptor.java:100)
	at org.springframework.data.repository.core.support.QueryExecutorMethodInterceptor.lambda$mapMethodsToQuery$1(QueryExecutorMethodInterceptor.java:93)
	at java.util.stream.ReferencePipeline$3$1.accept(ReferencePipeline.java:193)
	at java.util.Iterator.forEachRemaining(Iterator.java:116)
	at java.util.Collections$UnmodifiableCollection$1.forEachRemaining(Collections.java:1051)
	at java.util.Spliterators$IteratorSpliterator.forEachRemaining(Spliterators.java:1801)
	at java.util.stream.AbstractPipeline.copyInto(AbstractPipeline.java:482)
	at java.util.stream.AbstractPipeline.wrapAndCopyInto(AbstractPipeline.java:472)
	at java.util.stream.ReduceOps$ReduceOp.evaluateSequential(ReduceOps.java:708)
	at java.util.stream.AbstractPipeline.evaluate(AbstractPipeline.java:234)
	at java.util.stream.ReferencePipeline.collect(ReferencePipeline.java:499)
	at org.springframework.data.repository.core.support.QueryExecutorMethodInterceptor.mapMethodsToQuery(QueryExecutorMethodInterceptor.java:95)
	at org.springframework.data.repository.core.support.QueryExecutorMethodInterceptor.lambda$new$0(QueryExecutorMethodInterceptor.java:85)
	at java.util.Optional.map(Optional.java:215)
	at org.springframework.data.repository.core.support.QueryExecutorMethodInterceptor.<init>(QueryExecutorMethodInterceptor.java:85)
	at org.springframework.data.repository.core.support.RepositoryFactorySupport.getRepository(RepositoryFactorySupport.java:303)
	at org.springframework.data.repository.core.support.RepositoryFactoryBeanSupport.lambda$afterPropertiesSet$6(RepositoryFactoryBeanSupport.java:326)
	at org.springframework.data.util.Lazy.getNullable(Lazy.java:230)
	at org.springframework.data.util.Lazy.get(Lazy.java:114)
	at org.springframework.data.repository.core.support.RepositoryFactoryBeanSupport.afterPropertiesSet(RepositoryFactoryBeanSupport.java:329)
	at org.springframework.data.jpa.repository.support.JpaRepositoryFactoryBean.afterPropertiesSet(JpaRepositoryFactoryBean.java:144)
	at org.springframework.beans.factory.support.AbstractAutowireCapableBeanFactory.invokeInitMethods(AbstractAutowireCapableBeanFactory.java:1847)
	at org.springframework.beans.factory.support.AbstractAutowireCapableBeanFactory.initializeBean(AbstractAutowireCapableBeanFactory.java:1784)
	... 17 more
Caused by: org.springframework.data.mapping.PropertyReferenceException: No property prodId found for type Producto!
	at org.springframework.data.mapping.PropertyPath.<init>(PropertyPath.java:90)
	at org.springframework.data.mapping.PropertyPath.create(PropertyPath.java:437)
	at org.springframework.data.mapping.PropertyPath.create(PropertyPath.java:413)
	at org.springframework.data.mapping.PropertyPath.lambda$from$0(PropertyPath.java:366)
	at java.util.concurrent.ConcurrentMap.computeIfAbsent(ConcurrentMap.java:324)
	at org.springframework.data.mapping.PropertyPath.from(PropertyPath.java:348)
	at org.springframework.data.mapping.PropertyPath.from(PropertyPath.java:331)
	at org.springframework.data.repository.query.parser.Part.<init>(Part.java:81)
	at org.springframework.data.repository.query.parser.PartTree$OrPart.lambda$new$0(PartTree.java:249)
	at java.util.stream.ReferencePipeline$3$1.accept(ReferencePipeline.java:193)
	at java.util.stream.ReferencePipeline$2$1.accept(ReferencePipeline.java:175)
	at java.util.Spliterators$ArraySpliterator.forEachRemaining(Spliterators.java:948)
	at java.util.stream.AbstractPipeline.copyInto(AbstractPipeline.java:482)
	at java.util.stream.AbstractPipeline.wrapAndCopyInto(AbstractPipeline.java:472)
	at java.util.stream.ReduceOps$ReduceOp.evaluateSequential(ReduceOps.java:708)
	at java.util.stream.AbstractPipeline.evaluate(AbstractPipeline.java:234)
	at java.util.stream.ReferencePipeline.collect(ReferencePipeline.java:499)
	at org.springframework.data.repository.query.parser.PartTree$OrPart.<init>(PartTree.java:250)
	at org.springframework.data.repository.query.parser.PartTree$Predicate.lambda$new$0(PartTree.java:383)
	at java.util.stream.ReferencePipeline$3$1.accept(ReferencePipeline.java:193)
	at java.util.stream.ReferencePipeline$2$1.accept(ReferencePipeline.java:175)
	at java.util.Spliterators$ArraySpliterator.forEachRemaining(Spliterators.java:948)
	at java.util.stream.AbstractPipeline.copyInto(AbstractPipeline.java:482)
	at java.util.stream.AbstractPipeline.wrapAndCopyInto(AbstractPipeline.java:472)
	at java.util.stream.ReduceOps$ReduceOp.evaluateSequential(ReduceOps.java:708)
	at java.util.stream.AbstractPipeline.evaluate(AbstractPipeline.java:234)
	at java.util.stream.ReferencePipeline.collect(ReferencePipeline.java:499)
	at org.springframework.data.repository.query.parser.PartTree$Predicate.<init>(PartTree.java:384)
	at org.springframework.data.repository.query.parser.PartTree.<init>(PartTree.java:95)
	at org.springframework.data.jpa.repository.query.PartTreeJpaQuery.<init>(PartTreeJpaQuery.java:89)
	... 43 more
2021-01-02 11:58:02 INFO  ProductoApplication:55 - Starting ProductoApplication using Java 1.8.0_251 on DESKTOP-MJIUS5B with PID 4712 (C:\Users\DELL\Music\producto\target\classes started by DELL in C:\Users\DELL\Music\producto)
2021-01-02 11:58:02 INFO  ProductoApplication:660 - No active profile set, falling back to default profiles: default
2021-01-02 11:58:03 INFO  RepositoryConfigurationDelegate:128 - Bootstrapping Spring Data JPA repositories in DEFAULT mode.
2021-01-02 11:58:03 INFO  RepositoryConfigurationDelegate:188 - Finished Spring Data repository scanning in 105 ms. Found 1 JPA repository interfaces.
2021-01-02 11:58:04 INFO  TomcatWebServer:108 - Tomcat initialized with port(s): 9090 (http)
2021-01-02 11:58:05 INFO  ServletWebServerApplicationContext:289 - Root WebApplicationContext: initialization completed in 2788 ms
2021-01-02 11:58:05 INFO  HikariDataSource:110 - HikariPool-1 - Starting...
2021-01-02 11:58:05 INFO  HikariDataSource:123 - HikariPool-1 - Start completed.
2021-01-02 11:58:06 INFO  LogHelper:31 - HHH000204: Processing PersistenceUnitInfo [name: default]
2021-01-02 11:58:06 INFO  Version:44 - HHH000412: Hibernate ORM core version 5.4.25.Final
2021-01-02 11:58:06 INFO  Version:56 - HCANN000001: Hibernate Commons Annotations {5.1.2.Final}
2021-01-02 11:58:06 INFO  Dialect:175 - HHH000400: Using dialect: org.hibernate.dialect.PostgreSQL95Dialect
2021-01-02 11:58:07 INFO  JtaPlatformInitiator:52 - HHH000490: Using JtaPlatform implementation: [org.hibernate.engine.transaction.jta.platform.internal.NoJtaPlatform]
2021-01-02 11:58:07 INFO  LocalContainerEntityManagerFactoryBean:437 - Initialized JPA EntityManagerFactory for persistence unit 'default'
2021-01-02 11:58:07 WARN  JpaBaseConfiguration$JpaWebConfiguration:221 - spring.jpa.open-in-view is enabled by default. Therefore, database queries may be performed during view rendering. Explicitly configure spring.jpa.open-in-view to disable this warning
2021-01-02 11:58:07 INFO  ThreadPoolTaskExecutor:181 - Initializing ExecutorService 'applicationTaskExecutor'
2021-01-02 11:58:07 INFO  WelcomePageHandlerMapping:58 - Adding welcome page template: index
2021-01-02 11:58:07 INFO  TomcatWebServer:220 - Tomcat started on port(s): 9090 (http) with context path ''
2021-01-02 11:58:07 INFO  ProductoApplication:61 - Started ProductoApplication in 5.757 seconds (JVM running for 6.434)
2021-01-02 11:58:29 INFO  DispatcherServlet:525 - Initializing Servlet 'dispatcherServlet'
2021-01-02 11:58:29 INFO  DispatcherServlet:547 - Completed initialization in 2 ms
2021-01-02 11:58:46 INFO  ThreadPoolTaskExecutor:218 - Shutting down ExecutorService 'applicationTaskExecutor'
2021-01-02 11:58:46 INFO  LocalContainerEntityManagerFactoryBean:651 - Closing JPA EntityManagerFactory for persistence unit 'default'
2021-01-02 11:58:46 INFO  HikariDataSource:350 - HikariPool-1 - Shutdown initiated...
2021-01-02 11:58:46 INFO  HikariDataSource:352 - HikariPool-1 - Shutdown completed.
2021-01-02 12:02:13 INFO  ProductoApplication:55 - Starting ProductoApplication using Java 1.8.0_251 on DESKTOP-MJIUS5B with PID 8404 (C:\Users\DELL\Documents\programacion\testGit\curso-spring\producto\target\classes started by DELL in C:\Users\DELL\Documents\programacion\testGit\curso-spring\producto)
2021-01-02 12:02:13 INFO  ProductoApplication:660 - No active profile set, falling back to default profiles: default
2021-01-02 12:02:14 INFO  RepositoryConfigurationDelegate:128 - Bootstrapping Spring Data JPA repositories in DEFAULT mode.
2021-01-02 12:02:14 INFO  RepositoryConfigurationDelegate:188 - Finished Spring Data repository scanning in 114 ms. Found 1 JPA repository interfaces.
2021-01-02 12:02:14 INFO  TomcatWebServer:108 - Tomcat initialized with port(s): 9090 (http)
2021-01-02 12:02:16 INFO  ServletWebServerApplicationContext:289 - Root WebApplicationContext: initialization completed in 2997 ms
2021-01-02 12:02:16 INFO  HikariDataSource:110 - HikariPool-1 - Starting...
2021-01-02 12:02:16 INFO  HikariDataSource:123 - HikariPool-1 - Start completed.
2021-01-02 12:02:16 INFO  LogHelper:31 - HHH000204: Processing PersistenceUnitInfo [name: default]
2021-01-02 12:02:16 INFO  Version:44 - HHH000412: Hibernate ORM core version 5.4.25.Final
2021-01-02 12:02:17 INFO  Version:56 - HCANN000001: Hibernate Commons Annotations {5.1.2.Final}
2021-01-02 12:02:17 INFO  Dialect:175 - HHH000400: Using dialect: org.hibernate.dialect.PostgreSQL95Dialect
2021-01-02 12:02:18 INFO  JtaPlatformInitiator:52 - HHH000490: Using JtaPlatform implementation: [org.hibernate.engine.transaction.jta.platform.internal.NoJtaPlatform]
2021-01-02 12:02:18 INFO  LocalContainerEntityManagerFactoryBean:437 - Initialized JPA EntityManagerFactory for persistence unit 'default'
2021-01-02 12:02:18 WARN  JpaBaseConfiguration$JpaWebConfiguration:221 - spring.jpa.open-in-view is enabled by default. Therefore, database queries may be performed during view rendering. Explicitly configure spring.jpa.open-in-view to disable this warning
2021-01-02 12:02:18 INFO  ThreadPoolTaskExecutor:181 - Initializing ExecutorService 'applicationTaskExecutor'
2021-01-02 12:02:19 INFO  WelcomePageHandlerMapping:58 - Adding welcome page template: index
2021-01-02 12:02:20 INFO  TomcatWebServer:220 - Tomcat started on port(s): 9090 (http) with context path ''
2021-01-02 12:02:20 INFO  ProductoApplication:61 - Started ProductoApplication in 7.874 seconds (JVM running for 8.551)
2021-01-02 12:08:04 INFO  DispatcherServlet:525 - Initializing Servlet 'dispatcherServlet'
2021-01-02 12:08:04 INFO  DispatcherServlet:547 - Completed initialization in 2 ms
2021-01-02 12:11:46 INFO  ThreadPoolTaskExecutor:218 - Shutting down ExecutorService 'applicationTaskExecutor'
2021-01-02 12:11:46 INFO  LocalContainerEntityManagerFactoryBean:651 - Closing JPA EntityManagerFactory for persistence unit 'default'
2021-01-02 12:11:46 INFO  HikariDataSource:350 - HikariPool-1 - Shutdown initiated...
2021-01-02 12:11:46 INFO  HikariDataSource:352 - HikariPool-1 - Shutdown completed.
2021-01-02 12:11:55 INFO  ProductoApplication:55 - Starting ProductoApplication using Java 1.8.0_251 on DESKTOP-MJIUS5B with PID 2432 (C:\Users\DELL\Documents\programacion\testGit\curso-spring\producto\target\classes started by DELL in C:\Users\DELL\Documents\programacion\testGit\curso-spring\producto)
2021-01-02 12:11:55 INFO  ProductoApplication:660 - No active profile set, falling back to default profiles: default
2021-01-02 12:11:56 INFO  RepositoryConfigurationDelegate:128 - Bootstrapping Spring Data JPA repositories in DEFAULT mode.
2021-01-02 12:11:56 INFO  RepositoryConfigurationDelegate:188 - Finished Spring Data repository scanning in 104 ms. Found 1 JPA repository interfaces.
2021-01-02 12:11:56 INFO  TomcatWebServer:108 - Tomcat initialized with port(s): 9090 (http)
2021-01-02 12:11:58 INFO  ServletWebServerApplicationContext:289 - Root WebApplicationContext: initialization completed in 2812 ms
2021-01-02 12:11:58 INFO  HikariDataSource:110 - HikariPool-1 - Starting...
2021-01-02 12:11:58 INFO  HikariDataSource:123 - HikariPool-1 - Start completed.
2021-01-02 12:11:58 INFO  LogHelper:31 - HHH000204: Processing PersistenceUnitInfo [name: default]
2021-01-02 12:11:58 INFO  Version:44 - HHH000412: Hibernate ORM core version 5.4.25.Final
2021-01-02 12:11:58 INFO  Version:56 - HCANN000001: Hibernate Commons Annotations {5.1.2.Final}
2021-01-02 12:11:58 INFO  Dialect:175 - HHH000400: Using dialect: org.hibernate.dialect.PostgreSQL95Dialect
2021-01-02 12:11:59 INFO  JtaPlatformInitiator:52 - HHH000490: Using JtaPlatform implementation: [org.hibernate.engine.transaction.jta.platform.internal.NoJtaPlatform]
2021-01-02 12:11:59 INFO  LocalContainerEntityManagerFactoryBean:437 - Initialized JPA EntityManagerFactory for persistence unit 'default'
2021-01-02 12:11:59 WARN  JpaBaseConfiguration$JpaWebConfiguration:221 - spring.jpa.open-in-view is enabled by default. Therefore, database queries may be performed during view rendering. Explicitly configure spring.jpa.open-in-view to disable this warning
2021-01-02 12:11:59 INFO  ThreadPoolTaskExecutor:181 - Initializing ExecutorService 'applicationTaskExecutor'
2021-01-02 12:11:59 INFO  WelcomePageHandlerMapping:58 - Adding welcome page template: index
2021-01-02 12:12:00 INFO  TomcatWebServer:220 - Tomcat started on port(s): 9090 (http) with context path ''
2021-01-02 12:12:00 INFO  ProductoApplication:61 - Started ProductoApplication in 5.816 seconds (JVM running for 6.508)
2021-01-02 12:12:19 INFO  DispatcherServlet:525 - Initializing Servlet 'dispatcherServlet'
2021-01-02 12:12:19 INFO  DispatcherServlet:547 - Completed initialization in 2 ms
2021-01-02 12:14:34 INFO  ThreadPoolTaskExecutor:218 - Shutting down ExecutorService 'applicationTaskExecutor'
2021-01-02 12:14:34 INFO  LocalContainerEntityManagerFactoryBean:651 - Closing JPA EntityManagerFactory for persistence unit 'default'
2021-01-02 12:14:34 INFO  HikariDataSource:350 - HikariPool-1 - Shutdown initiated...
2021-01-02 12:14:34 INFO  HikariDataSource:352 - HikariPool-1 - Shutdown completed.
2021-01-02 12:14:44 INFO  ProductoApplication:55 - Starting ProductoApplication using Java 1.8.0_251 on DESKTOP-MJIUS5B with PID 8764 (C:\Users\DELL\Documents\programacion\testGit\curso-spring\producto\target\classes started by DELL in C:\Users\DELL\Documents\programacion\testGit\curso-spring\producto)
2021-01-02 12:14:44 INFO  ProductoApplication:660 - No active profile set, falling back to default profiles: default
2021-01-02 12:14:45 INFO  RepositoryConfigurationDelegate:128 - Bootstrapping Spring Data JPA repositories in DEFAULT mode.
2021-01-02 12:14:45 INFO  RepositoryConfigurationDelegate:188 - Finished Spring Data repository scanning in 117 ms. Found 1 JPA repository interfaces.
2021-01-02 12:14:45 INFO  TomcatWebServer:108 - Tomcat initialized with port(s): 9090 (http)
2021-01-02 12:14:47 INFO  ServletWebServerApplicationContext:289 - Root WebApplicationContext: initialization completed in 2826 ms
2021-01-02 12:14:47 INFO  HikariDataSource:110 - HikariPool-1 - Starting...
2021-01-02 12:14:47 INFO  HikariDataSource:123 - HikariPool-1 - Start completed.
2021-01-02 12:14:47 INFO  LogHelper:31 - HHH000204: Processing PersistenceUnitInfo [name: default]
2021-01-02 12:14:47 INFO  Version:44 - HHH000412: Hibernate ORM core version 5.4.25.Final
2021-01-02 12:14:47 INFO  Version:56 - HCANN000001: Hibernate Commons Annotations {5.1.2.Final}
2021-01-02 12:14:47 INFO  Dialect:175 - HHH000400: Using dialect: org.hibernate.dialect.PostgreSQL95Dialect
2021-01-02 12:14:48 INFO  JtaPlatformInitiator:52 - HHH000490: Using JtaPlatform implementation: [org.hibernate.engine.transaction.jta.platform.internal.NoJtaPlatform]
2021-01-02 12:14:48 INFO  LocalContainerEntityManagerFactoryBean:437 - Initialized JPA EntityManagerFactory for persistence unit 'default'
2021-01-02 12:14:48 WARN  JpaBaseConfiguration$JpaWebConfiguration:221 - spring.jpa.open-in-view is enabled by default. Therefore, database queries may be performed during view rendering. Explicitly configure spring.jpa.open-in-view to disable this warning
2021-01-02 12:14:48 INFO  ThreadPoolTaskExecutor:181 - Initializing ExecutorService 'applicationTaskExecutor'
2021-01-02 12:14:48 INFO  WelcomePageHandlerMapping:58 - Adding welcome page template: index
2021-01-02 12:14:49 INFO  TomcatWebServer:220 - Tomcat started on port(s): 9090 (http) with context path ''
2021-01-02 12:14:49 INFO  ProductoApplication:61 - Started ProductoApplication in 5.839 seconds (JVM running for 6.517)
2021-01-02 12:15:35 INFO  DispatcherServlet:525 - Initializing Servlet 'dispatcherServlet'
2021-01-02 12:15:35 INFO  DispatcherServlet:547 - Completed initialization in 1 ms
2021-01-02 12:17:29 INFO  ThreadPoolTaskExecutor:218 - Shutting down ExecutorService 'applicationTaskExecutor'
2021-01-02 12:17:29 INFO  LocalContainerEntityManagerFactoryBean:651 - Closing JPA EntityManagerFactory for persistence unit 'default'
2021-01-02 12:17:29 INFO  HikariDataSource:350 - HikariPool-1 - Shutdown initiated...
2021-01-02 12:17:29 INFO  HikariDataSource:352 - HikariPool-1 - Shutdown completed.
2021-01-02 12:19:43 INFO  ProductoApplication:55 - Starting ProductoApplication using Java 1.8.0_251 on DESKTOP-MJIUS5B with PID 748 (C:\Users\DELL\Documents\programacion\testGit\curso-spring\producto\target\classes started by DELL in C:\Users\DELL\Documents\programacion\testGit\curso-spring\producto)
2021-01-02 12:19:43 INFO  ProductoApplication:660 - No active profile set, falling back to default profiles: default
2021-01-02 12:19:44 INFO  RepositoryConfigurationDelegate:128 - Bootstrapping Spring Data JPA repositories in DEFAULT mode.
2021-01-02 12:19:44 INFO  RepositoryConfigurationDelegate:188 - Finished Spring Data repository scanning in 104 ms. Found 1 JPA repository interfaces.
2021-01-02 12:19:45 INFO  TomcatWebServer:108 - Tomcat initialized with port(s): 9090 (http)
2021-01-02 12:19:47 INFO  ServletWebServerApplicationContext:289 - Root WebApplicationContext: initialization completed in 3122 ms
2021-01-02 12:19:47 INFO  HikariDataSource:110 - HikariPool-1 - Starting...
2021-01-02 12:19:47 INFO  HikariDataSource:123 - HikariPool-1 - Start completed.
2021-01-02 12:19:47 INFO  LogHelper:31 - HHH000204: Processing PersistenceUnitInfo [name: default]
2021-01-02 12:19:47 INFO  Version:44 - HHH000412: Hibernate ORM core version 5.4.25.Final
2021-01-02 12:19:47 INFO  Version:56 - HCANN000001: Hibernate Commons Annotations {5.1.2.Final}
2021-01-02 12:19:47 INFO  Dialect:175 - HHH000400: Using dialect: org.hibernate.dialect.PostgreSQL95Dialect
2021-01-02 12:19:48 INFO  JtaPlatformInitiator:52 - HHH000490: Using JtaPlatform implementation: [org.hibernate.engine.transaction.jta.platform.internal.NoJtaPlatform]
2021-01-02 12:19:48 INFO  LocalContainerEntityManagerFactoryBean:437 - Initialized JPA EntityManagerFactory for persistence unit 'default'
2021-01-02 12:19:48 WARN  JpaBaseConfiguration$JpaWebConfiguration:221 - spring.jpa.open-in-view is enabled by default. Therefore, database queries may be performed during view rendering. Explicitly configure spring.jpa.open-in-view to disable this warning
2021-01-02 12:19:48 INFO  ThreadPoolTaskExecutor:181 - Initializing ExecutorService 'applicationTaskExecutor'
2021-01-02 12:19:48 INFO  WelcomePageHandlerMapping:58 - Adding welcome page template: index
2021-01-02 12:19:49 INFO  TomcatWebServer:220 - Tomcat started on port(s): 9090 (http) with context path ''
2021-01-02 12:19:49 INFO  ProductoApplication:61 - Started ProductoApplication in 6.205 seconds (JVM running for 6.957)
2021-01-02 12:20:25 INFO  DispatcherServlet:525 - Initializing Servlet 'dispatcherServlet'
2021-01-02 12:20:25 INFO  DispatcherServlet:547 - Completed initialization in 1 ms
2021-01-02 12:21:53 INFO  ThreadPoolTaskExecutor:218 - Shutting down ExecutorService 'applicationTaskExecutor'
2021-01-02 12:21:53 INFO  LocalContainerEntityManagerFactoryBean:651 - Closing JPA EntityManagerFactory for persistence unit 'default'
2021-01-02 12:21:53 INFO  HikariDataSource:350 - HikariPool-1 - Shutdown initiated...
2021-01-02 12:21:53 INFO  HikariDataSource:352 - HikariPool-1 - Shutdown completed.
2021-01-02 12:22:34 INFO  ProductoApplication:55 - Starting ProductoApplication using Java 1.8.0_251 on DESKTOP-MJIUS5B with PID 2300 (C:\Users\DELL\Documents\programacion\testGit\curso-spring\producto\target\classes started by DELL in C:\Users\DELL\Documents\programacion\testGit\curso-spring\producto)
2021-01-02 12:22:34 INFO  ProductoApplication:660 - No active profile set, falling back to default profiles: default
2021-01-02 12:22:35 INFO  RepositoryConfigurationDelegate:128 - Bootstrapping Spring Data JPA repositories in DEFAULT mode.
2021-01-02 12:22:35 INFO  RepositoryConfigurationDelegate:188 - Finished Spring Data repository scanning in 107 ms. Found 1 JPA repository interfaces.
2021-01-02 12:22:36 INFO  TomcatWebServer:108 - Tomcat initialized with port(s): 9090 (http)
2021-01-02 12:22:37 INFO  ServletWebServerApplicationContext:289 - Root WebApplicationContext: initialization completed in 2828 ms
2021-01-02 12:22:37 INFO  HikariDataSource:110 - HikariPool-1 - Starting...
2021-01-02 12:22:38 INFO  HikariDataSource:123 - HikariPool-1 - Start completed.
2021-01-02 12:22:38 INFO  LogHelper:31 - HHH000204: Processing PersistenceUnitInfo [name: default]
2021-01-02 12:22:38 INFO  Version:44 - HHH000412: Hibernate ORM core version 5.4.25.Final
2021-01-02 12:22:38 INFO  Version:56 - HCANN000001: Hibernate Commons Annotations {5.1.2.Final}
2021-01-02 12:22:38 INFO  Dialect:175 - HHH000400: Using dialect: org.hibernate.dialect.PostgreSQL95Dialect
2021-01-02 12:22:39 INFO  JtaPlatformInitiator:52 - HHH000490: Using JtaPlatform implementation: [org.hibernate.engine.transaction.jta.platform.internal.NoJtaPlatform]
2021-01-02 12:22:39 INFO  LocalContainerEntityManagerFactoryBean:437 - Initialized JPA EntityManagerFactory for persistence unit 'default'
2021-01-02 12:22:39 WARN  JpaBaseConfiguration$JpaWebConfiguration:221 - spring.jpa.open-in-view is enabled by default. Therefore, database queries may be performed during view rendering. Explicitly configure spring.jpa.open-in-view to disable this warning
2021-01-02 12:22:39 INFO  ThreadPoolTaskExecutor:181 - Initializing ExecutorService 'applicationTaskExecutor'
2021-01-02 12:22:39 INFO  WelcomePageHandlerMapping:58 - Adding welcome page template: index
2021-01-02 12:22:40 INFO  TomcatWebServer:220 - Tomcat started on port(s): 9090 (http) with context path ''
2021-01-02 12:22:40 INFO  ProductoApplication:61 - Started ProductoApplication in 5.972 seconds (JVM running for 6.682)
2021-01-02 12:23:31 INFO  DispatcherServlet:525 - Initializing Servlet 'dispatcherServlet'
2021-01-02 12:23:31 INFO  DispatcherServlet:547 - Completed initialization in 2 ms
2021-01-02 12:27:03 INFO  ThreadPoolTaskExecutor:218 - Shutting down ExecutorService 'applicationTaskExecutor'
2021-01-02 12:27:03 INFO  LocalContainerEntityManagerFactoryBean:651 - Closing JPA EntityManagerFactory for persistence unit 'default'
2021-01-02 12:27:03 INFO  HikariDataSource:350 - HikariPool-1 - Shutdown initiated...
2021-01-02 12:27:03 INFO  HikariDataSource:352 - HikariPool-1 - Shutdown completed.
2021-01-02 12:27:31 INFO  ProductoApplication:55 - Starting ProductoApplication using Java 1.8.0_251 on DESKTOP-MJIUS5B with PID 6476 (C:\Users\DELL\Documents\programacion\testGit\curso-spring\producto\target\classes started by DELL in C:\Users\DELL\Documents\programacion\testGit\curso-spring\producto)
2021-01-02 12:27:31 INFO  ProductoApplication:660 - No active profile set, falling back to default profiles: default
2021-01-02 12:27:32 INFO  RepositoryConfigurationDelegate:128 - Bootstrapping Spring Data JPA repositories in DEFAULT mode.
2021-01-02 12:27:32 INFO  RepositoryConfigurationDelegate:188 - Finished Spring Data repository scanning in 51 ms. Found 1 JPA repository interfaces.
2021-01-02 12:27:33 INFO  TomcatWebServer:108 - Tomcat initialized with port(s): 9090 (http)
2021-01-02 12:27:34 INFO  ServletWebServerApplicationContext:289 - Root WebApplicationContext: initialization completed in 2776 ms
2021-01-02 12:27:34 INFO  HikariDataSource:110 - HikariPool-1 - Starting...
2021-01-02 12:27:34 INFO  HikariDataSource:123 - HikariPool-1 - Start completed.
2021-01-02 12:27:34 INFO  LogHelper:31 - HHH000204: Processing PersistenceUnitInfo [name: default]
2021-01-02 12:27:34 INFO  Version:44 - HHH000412: Hibernate ORM core version 5.4.25.Final
2021-01-02 12:27:34 INFO  Version:56 - HCANN000001: Hibernate Commons Annotations {5.1.2.Final}
2021-01-02 12:27:35 INFO  Dialect:175 - HHH000400: Using dialect: org.hibernate.dialect.PostgreSQL95Dialect
2021-01-02 12:27:35 INFO  JtaPlatformInitiator:52 - HHH000490: Using JtaPlatform implementation: [org.hibernate.engine.transaction.jta.platform.internal.NoJtaPlatform]
2021-01-02 12:27:35 INFO  LocalContainerEntityManagerFactoryBean:437 - Initialized JPA EntityManagerFactory for persistence unit 'default'
2021-01-02 12:27:35 WARN  JpaBaseConfiguration$JpaWebConfiguration:221 - spring.jpa.open-in-view is enabled by default. Therefore, database queries may be performed during view rendering. Explicitly configure spring.jpa.open-in-view to disable this warning
2021-01-02 12:27:36 INFO  ThreadPoolTaskExecutor:181 - Initializing ExecutorService 'applicationTaskExecutor'
2021-01-02 12:27:36 INFO  WelcomePageHandlerMapping:58 - Adding welcome page template: index
2021-01-02 12:27:36 INFO  TomcatWebServer:220 - Tomcat started on port(s): 9090 (http) with context path ''
2021-01-02 12:27:36 INFO  ProductoApplication:61 - Started ProductoApplication in 5.805 seconds (JVM running for 6.49)
2021-01-02 12:27:42 INFO  DispatcherServlet:525 - Initializing Servlet 'dispatcherServlet'
2021-01-02 12:27:42 INFO  DispatcherServlet:547 - Completed initialization in 2 ms
2021-01-02 12:28:31 INFO  ThreadPoolTaskExecutor:218 - Shutting down ExecutorService 'applicationTaskExecutor'
2021-01-02 12:28:31 INFO  LocalContainerEntityManagerFactoryBean:651 - Closing JPA EntityManagerFactory for persistence unit 'default'
2021-01-02 12:28:31 INFO  HikariDataSource:350 - HikariPool-1 - Shutdown initiated...
2021-01-02 12:28:31 INFO  HikariDataSource:352 - HikariPool-1 - Shutdown completed.
2021-01-02 12:29:03 INFO  ProductoApplication:55 - Starting ProductoApplication using Java 1.8.0_251 on DESKTOP-MJIUS5B with PID 8728 (C:\Users\DELL\Documents\programacion\testGit\curso-spring\producto\target\classes started by DELL in C:\Users\DELL\Documents\programacion\testGit\curso-spring\producto)
2021-01-02 12:29:03 INFO  ProductoApplication:660 - No active profile set, falling back to default profiles: default
2021-01-02 12:29:04 INFO  RepositoryConfigurationDelegate:128 - Bootstrapping Spring Data JPA repositories in DEFAULT mode.
2021-01-02 12:29:04 INFO  RepositoryConfigurationDelegate:188 - Finished Spring Data repository scanning in 50 ms. Found 1 JPA repository interfaces.
2021-01-02 12:29:05 INFO  TomcatWebServer:108 - Tomcat initialized with port(s): 9090 (http)
2021-01-02 12:29:06 INFO  ServletWebServerApplicationContext:289 - Root WebApplicationContext: initialization completed in 2835 ms
2021-01-02 12:29:06 INFO  HikariDataSource:110 - HikariPool-1 - Starting...
2021-01-02 12:29:07 INFO  HikariDataSource:123 - HikariPool-1 - Start completed.
2021-01-02 12:29:07 INFO  LogHelper:31 - HHH000204: Processing PersistenceUnitInfo [name: default]
2021-01-02 12:29:07 INFO  Version:44 - HHH000412: Hibernate ORM core version 5.4.25.Final
2021-01-02 12:29:07 INFO  Version:56 - HCANN000001: Hibernate Commons Annotations {5.1.2.Final}
2021-01-02 12:29:07 INFO  Dialect:175 - HHH000400: Using dialect: org.hibernate.dialect.PostgreSQL95Dialect
2021-01-02 12:29:08 INFO  JtaPlatformInitiator:52 - HHH000490: Using JtaPlatform implementation: [org.hibernate.engine.transaction.jta.platform.internal.NoJtaPlatform]
2021-01-02 12:29:08 INFO  LocalContainerEntityManagerFactoryBean:437 - Initialized JPA EntityManagerFactory for persistence unit 'default'
2021-01-02 12:29:08 WARN  JpaBaseConfiguration$JpaWebConfiguration:221 - spring.jpa.open-in-view is enabled by default. Therefore, database queries may be performed during view rendering. Explicitly configure spring.jpa.open-in-view to disable this warning
2021-01-02 12:29:08 INFO  ThreadPoolTaskExecutor:181 - Initializing ExecutorService 'applicationTaskExecutor'
2021-01-02 12:29:08 INFO  WelcomePageHandlerMapping:58 - Adding welcome page template: index
2021-01-02 12:29:09 INFO  TomcatWebServer:220 - Tomcat started on port(s): 9090 (http) with context path ''
2021-01-02 12:29:09 INFO  ProductoApplication:61 - Started ProductoApplication in 5.871 seconds (JVM running for 6.569)
2021-01-02 12:29:13 INFO  DispatcherServlet:525 - Initializing Servlet 'dispatcherServlet'
2021-01-02 12:29:13 INFO  DispatcherServlet:547 - Completed initialization in 2 ms
2021-01-02 12:30:38 INFO  ThreadPoolTaskExecutor:218 - Shutting down ExecutorService 'applicationTaskExecutor'
2021-01-02 12:30:38 INFO  LocalContainerEntityManagerFactoryBean:651 - Closing JPA EntityManagerFactory for persistence unit 'default'
2021-01-02 12:30:38 INFO  HikariDataSource:350 - HikariPool-1 - Shutdown initiated...
2021-01-02 12:30:38 INFO  HikariDataSource:352 - HikariPool-1 - Shutdown completed.
2021-01-02 12:31:24 INFO  ProductoApplication:55 - Starting ProductoApplication using Java 1.8.0_251 on DESKTOP-MJIUS5B with PID 5212 (C:\Users\DELL\Documents\programacion\testGit\curso-spring\producto\target\classes started by DELL in C:\Users\DELL\Documents\programacion\testGit\curso-spring\producto)
2021-01-02 12:31:24 INFO  ProductoApplication:660 - No active profile set, falling back to default profiles: default
2021-01-02 12:31:25 INFO  RepositoryConfigurationDelegate:128 - Bootstrapping Spring Data JPA repositories in DEFAULT mode.
2021-01-02 12:31:25 INFO  RepositoryConfigurationDelegate:188 - Finished Spring Data repository scanning in 106 ms. Found 1 JPA repository interfaces.
2021-01-02 12:31:26 INFO  TomcatWebServer:108 - Tomcat initialized with port(s): 9090 (http)
2021-01-02 12:31:27 INFO  ServletWebServerApplicationContext:289 - Root WebApplicationContext: initialization completed in 2892 ms
2021-01-02 12:31:28 INFO  HikariDataSource:110 - HikariPool-1 - Starting...
2021-01-02 12:31:28 INFO  HikariDataSource:123 - HikariPool-1 - Start completed.
2021-01-02 12:31:28 INFO  LogHelper:31 - HHH000204: Processing PersistenceUnitInfo [name: default]
2021-01-02 12:31:28 INFO  Version:44 - HHH000412: Hibernate ORM core version 5.4.25.Final
2021-01-02 12:31:28 INFO  Version:56 - HCANN000001: Hibernate Commons Annotations {5.1.2.Final}
2021-01-02 12:31:28 INFO  Dialect:175 - HHH000400: Using dialect: org.hibernate.dialect.PostgreSQL95Dialect
2021-01-02 12:31:29 INFO  JtaPlatformInitiator:52 - HHH000490: Using JtaPlatform implementation: [org.hibernate.engine.transaction.jta.platform.internal.NoJtaPlatform]
2021-01-02 12:31:29 INFO  LocalContainerEntityManagerFactoryBean:437 - Initialized JPA EntityManagerFactory for persistence unit 'default'
2021-01-02 12:31:29 WARN  JpaBaseConfiguration$JpaWebConfiguration:221 - spring.jpa.open-in-view is enabled by default. Therefore, database queries may be performed during view rendering. Explicitly configure spring.jpa.open-in-view to disable this warning
2021-01-02 12:31:29 INFO  ThreadPoolTaskExecutor:181 - Initializing ExecutorService 'applicationTaskExecutor'
2021-01-02 12:31:29 INFO  WelcomePageHandlerMapping:58 - Adding welcome page template: index
2021-01-02 12:31:30 INFO  TomcatWebServer:220 - Tomcat started on port(s): 9090 (http) with context path ''
2021-01-02 12:31:30 INFO  ProductoApplication:61 - Started ProductoApplication in 5.955 seconds (JVM running for 6.65)
2021-01-02 12:31:37 INFO  DispatcherServlet:525 - Initializing Servlet 'dispatcherServlet'
2021-01-02 12:31:37 INFO  DispatcherServlet:547 - Completed initialization in 3 ms
2021-01-02 12:32:04 INFO  ThreadPoolTaskExecutor:218 - Shutting down ExecutorService 'applicationTaskExecutor'
2021-01-02 12:32:04 INFO  LocalContainerEntityManagerFactoryBean:651 - Closing JPA EntityManagerFactory for persistence unit 'default'
2021-01-02 12:32:04 INFO  HikariDataSource:350 - HikariPool-1 - Shutdown initiated...
2021-01-02 12:32:04 INFO  HikariDataSource:352 - HikariPool-1 - Shutdown completed.
2021-01-02 12:34:24 INFO  ProductoApplication:55 - Starting ProductoApplication using Java 1.8.0_251 on DESKTOP-MJIUS5B with PID 7504 (C:\Users\DELL\Documents\programacion\testGit\curso-spring\producto\target\classes started by DELL in C:\Users\DELL\Documents\programacion\testGit\curso-spring\producto)
2021-01-02 12:34:24 INFO  ProductoApplication:660 - No active profile set, falling back to default profiles: default
2021-01-02 12:34:25 INFO  RepositoryConfigurationDelegate:128 - Bootstrapping Spring Data JPA repositories in DEFAULT mode.
2021-01-02 12:34:25 INFO  RepositoryConfigurationDelegate:188 - Finished Spring Data repository scanning in 102 ms. Found 1 JPA repository interfaces.
2021-01-02 12:34:26 INFO  TomcatWebServer:108 - Tomcat initialized with port(s): 9090 (http)
2021-01-02 12:34:27 INFO  ServletWebServerApplicationContext:289 - Root WebApplicationContext: initialization completed in 2847 ms
2021-01-02 12:34:27 INFO  HikariDataSource:110 - HikariPool-1 - Starting...
2021-01-02 12:34:27 INFO  HikariDataSource:123 - HikariPool-1 - Start completed.
2021-01-02 12:34:28 INFO  LogHelper:31 - HHH000204: Processing PersistenceUnitInfo [name: default]
2021-01-02 12:34:28 INFO  Version:44 - HHH000412: Hibernate ORM core version 5.4.25.Final
2021-01-02 12:34:28 INFO  Version:56 - HCANN000001: Hibernate Commons Annotations {5.1.2.Final}
2021-01-02 12:34:28 INFO  Dialect:175 - HHH000400: Using dialect: org.hibernate.dialect.PostgreSQL95Dialect
2021-01-02 12:34:29 INFO  JtaPlatformInitiator:52 - HHH000490: Using JtaPlatform implementation: [org.hibernate.engine.transaction.jta.platform.internal.NoJtaPlatform]
2021-01-02 12:34:29 INFO  LocalContainerEntityManagerFactoryBean:437 - Initialized JPA EntityManagerFactory for persistence unit 'default'
2021-01-02 12:34:29 WARN  JpaBaseConfiguration$JpaWebConfiguration:221 - spring.jpa.open-in-view is enabled by default. Therefore, database queries may be performed during view rendering. Explicitly configure spring.jpa.open-in-view to disable this warning
2021-01-02 12:34:29 INFO  ThreadPoolTaskExecutor:181 - Initializing ExecutorService 'applicationTaskExecutor'
2021-01-02 12:34:29 INFO  WelcomePageHandlerMapping:58 - Adding welcome page template: index
2021-01-02 12:34:29 INFO  TomcatWebServer:220 - Tomcat started on port(s): 9090 (http) with context path ''
2021-01-02 12:34:29 INFO  ProductoApplication:61 - Started ProductoApplication in 5.876 seconds (JVM running for 6.564)
2021-01-02 12:34:33 INFO  DispatcherServlet:525 - Initializing Servlet 'dispatcherServlet'
2021-01-02 12:34:33 INFO  DispatcherServlet:547 - Completed initialization in 3 ms
2021-01-02 12:35:43 INFO  ThreadPoolTaskExecutor:218 - Shutting down ExecutorService 'applicationTaskExecutor'
2021-01-02 12:35:43 INFO  LocalContainerEntityManagerFactoryBean:651 - Closing JPA EntityManagerFactory for persistence unit 'default'
2021-01-02 12:35:43 INFO  HikariDataSource:350 - HikariPool-1 - Shutdown initiated...
2021-01-02 12:35:43 INFO  HikariDataSource:352 - HikariPool-1 - Shutdown completed.
2021-01-02 12:36:48 INFO  ProductoApplication:55 - Starting ProductoApplication using Java 1.8.0_251 on DESKTOP-MJIUS5B with PID 10152 (C:\Users\DELL\Documents\programacion\testGit\curso-spring\producto\target\classes started by DELL in C:\Users\DELL\Documents\programacion\testGit\curso-spring\producto)
2021-01-02 12:36:48 INFO  ProductoApplication:660 - No active profile set, falling back to default profiles: default
2021-01-02 12:36:49 INFO  RepositoryConfigurationDelegate:128 - Bootstrapping Spring Data JPA repositories in DEFAULT mode.
2021-01-02 12:36:49 INFO  RepositoryConfigurationDelegate:188 - Finished Spring Data repository scanning in 112 ms. Found 1 JPA repository interfaces.
2021-01-02 12:36:50 INFO  TomcatWebServer:108 - Tomcat initialized with port(s): 9090 (http)
2021-01-02 12:36:51 INFO  ServletWebServerApplicationContext:289 - Root WebApplicationContext: initialization completed in 2854 ms
2021-01-02 12:36:51 INFO  HikariDataSource:110 - HikariPool-1 - Starting...
2021-01-02 12:36:52 INFO  HikariDataSource:123 - HikariPool-1 - Start completed.
2021-01-02 12:36:52 INFO  LogHelper:31 - HHH000204: Processing PersistenceUnitInfo [name: default]
2021-01-02 12:36:52 INFO  Version:44 - HHH000412: Hibernate ORM core version 5.4.25.Final
2021-01-02 12:36:52 INFO  Version:56 - HCANN000001: Hibernate Commons Annotations {5.1.2.Final}
2021-01-02 12:36:52 INFO  Dialect:175 - HHH000400: Using dialect: org.hibernate.dialect.PostgreSQL95Dialect
2021-01-02 12:36:53 INFO  JtaPlatformInitiator:52 - HHH000490: Using JtaPlatform implementation: [org.hibernate.engine.transaction.jta.platform.internal.NoJtaPlatform]
2021-01-02 12:36:53 INFO  LocalContainerEntityManagerFactoryBean:437 - Initialized JPA EntityManagerFactory for persistence unit 'default'
2021-01-02 12:36:53 WARN  JpaBaseConfiguration$JpaWebConfiguration:221 - spring.jpa.open-in-view is enabled by default. Therefore, database queries may be performed during view rendering. Explicitly configure spring.jpa.open-in-view to disable this warning
2021-01-02 12:36:53 INFO  ThreadPoolTaskExecutor:181 - Initializing ExecutorService 'applicationTaskExecutor'
2021-01-02 12:36:53 INFO  WelcomePageHandlerMapping:58 - Adding welcome page template: index
2021-01-02 12:36:54 INFO  TomcatWebServer:220 - Tomcat started on port(s): 9090 (http) with context path ''
2021-01-02 12:36:54 INFO  ProductoApplication:61 - Started ProductoApplication in 5.887 seconds (JVM running for 6.607)
2021-01-02 12:37:19 INFO  DispatcherServlet:525 - Initializing Servlet 'dispatcherServlet'
2021-01-02 12:37:19 INFO  DispatcherServlet:547 - Completed initialization in 1 ms
2021-01-02 12:40:41 INFO  ThreadPoolTaskExecutor:218 - Shutting down ExecutorService 'applicationTaskExecutor'
2021-01-02 12:40:41 INFO  LocalContainerEntityManagerFactoryBean:651 - Closing JPA EntityManagerFactory for persistence unit 'default'
2021-01-02 12:40:41 INFO  HikariDataSource:350 - HikariPool-1 - Shutdown initiated...
2021-01-02 12:40:41 INFO  HikariDataSource:352 - HikariPool-1 - Shutdown completed.
2021-01-02 12:41:15 INFO  ProductoApplication:55 - Starting ProductoApplication using Java 1.8.0_251 on DESKTOP-MJIUS5B with PID 3756 (C:\Users\DELL\Documents\programacion\testGit\curso-spring\producto\target\classes started by DELL in C:\Users\DELL\Documents\programacion\testGit\curso-spring\producto)
2021-01-02 12:41:15 INFO  ProductoApplication:660 - No active profile set, falling back to default profiles: default
2021-01-02 12:41:16 INFO  RepositoryConfigurationDelegate:128 - Bootstrapping Spring Data JPA repositories in DEFAULT mode.
2021-01-02 12:41:16 INFO  RepositoryConfigurationDelegate:188 - Finished Spring Data repository scanning in 114 ms. Found 1 JPA repository interfaces.
2021-01-02 12:41:17 INFO  TomcatWebServer:108 - Tomcat initialized with port(s): 9090 (http)
2021-01-02 12:41:18 INFO  ServletWebServerApplicationContext:289 - Root WebApplicationContext: initialization completed in 2948 ms
2021-01-02 12:41:18 INFO  HikariDataSource:110 - HikariPool-1 - Starting...
2021-01-02 12:41:18 INFO  HikariDataSource:123 - HikariPool-1 - Start completed.
2021-01-02 12:41:18 INFO  LogHelper:31 - HHH000204: Processing PersistenceUnitInfo [name: default]
2021-01-02 12:41:18 INFO  Version:44 - HHH000412: Hibernate ORM core version 5.4.25.Final
2021-01-02 12:41:19 INFO  Version:56 - HCANN000001: Hibernate Commons Annotations {5.1.2.Final}
2021-01-02 12:41:19 INFO  Dialect:175 - HHH000400: Using dialect: org.hibernate.dialect.PostgreSQL95Dialect
2021-01-02 12:41:20 INFO  JtaPlatformInitiator:52 - HHH000490: Using JtaPlatform implementation: [org.hibernate.engine.transaction.jta.platform.internal.NoJtaPlatform]
2021-01-02 12:41:20 INFO  LocalContainerEntityManagerFactoryBean:437 - Initialized JPA EntityManagerFactory for persistence unit 'default'
2021-01-02 12:41:20 WARN  JpaBaseConfiguration$JpaWebConfiguration:221 - spring.jpa.open-in-view is enabled by default. Therefore, database queries may be performed during view rendering. Explicitly configure spring.jpa.open-in-view to disable this warning
2021-01-02 12:41:20 INFO  ThreadPoolTaskExecutor:181 - Initializing ExecutorService 'applicationTaskExecutor'
2021-01-02 12:41:20 INFO  WelcomePageHandlerMapping:58 - Adding welcome page template: index
2021-01-02 12:41:20 INFO  TomcatWebServer:220 - Tomcat started on port(s): 9090 (http) with context path ''
2021-01-02 12:41:20 INFO  ProductoApplication:61 - Started ProductoApplication in 6.041 seconds (JVM running for 6.753)
2021-01-02 12:41:28 INFO  DispatcherServlet:525 - Initializing Servlet 'dispatcherServlet'
2021-01-02 12:41:28 INFO  DispatcherServlet:547 - Completed initialization in 2 ms
2021-01-02 12:42:58 INFO  ThreadPoolTaskExecutor:218 - Shutting down ExecutorService 'applicationTaskExecutor'
2021-01-02 12:42:58 INFO  LocalContainerEntityManagerFactoryBean:651 - Closing JPA EntityManagerFactory for persistence unit 'default'
2021-01-02 12:42:58 INFO  HikariDataSource:350 - HikariPool-1 - Shutdown initiated...
2021-01-02 12:42:58 INFO  HikariDataSource:352 - HikariPool-1 - Shutdown completed.
2021-01-02 12:43:08 INFO  ProductoApplication:55 - Starting ProductoApplication using Java 1.8.0_251 on DESKTOP-MJIUS5B with PID 3984 (C:\Users\DELL\Documents\programacion\testGit\curso-spring\producto\target\classes started by DELL in C:\Users\DELL\Documents\programacion\testGit\curso-spring\producto)
2021-01-02 12:43:08 INFO  ProductoApplication:660 - No active profile set, falling back to default profiles: default
2021-01-02 12:43:09 INFO  RepositoryConfigurationDelegate:128 - Bootstrapping Spring Data JPA repositories in DEFAULT mode.
2021-01-02 12:43:09 INFO  RepositoryConfigurationDelegate:188 - Finished Spring Data repository scanning in 107 ms. Found 1 JPA repository interfaces.
2021-01-02 12:43:10 INFO  TomcatWebServer:108 - Tomcat initialized with port(s): 9090 (http)
2021-01-02 12:43:11 INFO  ServletWebServerApplicationContext:289 - Root WebApplicationContext: initialization completed in 3039 ms
2021-01-02 12:43:11 INFO  HikariDataSource:110 - HikariPool-1 - Starting...
2021-01-02 12:43:12 INFO  HikariDataSource:123 - HikariPool-1 - Start completed.
2021-01-02 12:43:12 INFO  LogHelper:31 - HHH000204: Processing PersistenceUnitInfo [name: default]
2021-01-02 12:43:12 INFO  Version:44 - HHH000412: Hibernate ORM core version 5.4.25.Final
2021-01-02 12:43:12 INFO  Version:56 - HCANN000001: Hibernate Commons Annotations {5.1.2.Final}
2021-01-02 12:43:12 INFO  Dialect:175 - HHH000400: Using dialect: org.hibernate.dialect.PostgreSQL95Dialect
2021-01-02 12:43:13 INFO  JtaPlatformInitiator:52 - HHH000490: Using JtaPlatform implementation: [org.hibernate.engine.transaction.jta.platform.internal.NoJtaPlatform]
2021-01-02 12:43:13 INFO  LocalContainerEntityManagerFactoryBean:437 - Initialized JPA EntityManagerFactory for persistence unit 'default'
2021-01-02 12:43:13 WARN  JpaBaseConfiguration$JpaWebConfiguration:221 - spring.jpa.open-in-view is enabled by default. Therefore, database queries may be performed during view rendering. Explicitly configure spring.jpa.open-in-view to disable this warning
2021-01-02 12:43:13 INFO  ThreadPoolTaskExecutor:181 - Initializing ExecutorService 'applicationTaskExecutor'
2021-01-02 12:43:13 INFO  WelcomePageHandlerMapping:58 - Adding welcome page template: index
2021-01-02 12:43:14 INFO  TomcatWebServer:220 - Tomcat started on port(s): 9090 (http) with context path ''
2021-01-02 12:43:14 INFO  ProductoApplication:61 - Started ProductoApplication in 6.078 seconds (JVM running for 6.784)
2021-01-02 12:43:20 INFO  DispatcherServlet:525 - Initializing Servlet 'dispatcherServlet'
2021-01-02 12:43:20 INFO  DispatcherServlet:547 - Completed initialization in 2 ms
2021-01-02 12:44:09 INFO  ThreadPoolTaskExecutor:218 - Shutting down ExecutorService 'applicationTaskExecutor'
2021-01-02 12:44:09 INFO  LocalContainerEntityManagerFactoryBean:651 - Closing JPA EntityManagerFactory for persistence unit 'default'
2021-01-02 12:44:09 INFO  HikariDataSource:350 - HikariPool-1 - Shutdown initiated...
2021-01-02 12:44:09 INFO  HikariDataSource:352 - HikariPool-1 - Shutdown completed.
2021-01-02 12:59:25 INFO  ProductoApplication:55 - Starting ProductoApplication using Java 1.8.0_251 on DESKTOP-MJIUS5B with PID 8736 (C:\Users\DELL\Documents\programacion\testGit\curso-spring\producto\target\classes started by DELL in C:\Users\DELL\Documents\programacion\testGit\curso-spring\producto)
2021-01-02 12:59:25 INFO  ProductoApplication:660 - No active profile set, falling back to default profiles: default
2021-01-02 12:59:25 INFO  RepositoryConfigurationDelegate:128 - Bootstrapping Spring Data JPA repositories in DEFAULT mode.
2021-01-02 12:59:25 INFO  RepositoryConfigurationDelegate:188 - Finished Spring Data repository scanning in 107 ms. Found 1 JPA repository interfaces.
2021-01-02 12:59:26 INFO  TomcatWebServer:108 - Tomcat initialized with port(s): 9090 (http)
2021-01-02 12:59:27 INFO  ServletWebServerApplicationContext:289 - Root WebApplicationContext: initialization completed in 2835 ms
2021-01-02 12:59:28 INFO  HikariDataSource:110 - HikariPool-1 - Starting...
2021-01-02 12:59:28 INFO  HikariDataSource:123 - HikariPool-1 - Start completed.
2021-01-02 12:59:28 INFO  LogHelper:31 - HHH000204: Processing PersistenceUnitInfo [name: default]
2021-01-02 12:59:28 INFO  Version:44 - HHH000412: Hibernate ORM core version 5.4.25.Final
2021-01-02 12:59:28 INFO  Version:56 - HCANN000001: Hibernate Commons Annotations {5.1.2.Final}
2021-01-02 12:59:28 INFO  Dialect:175 - HHH000400: Using dialect: org.hibernate.dialect.PostgreSQL95Dialect
2021-01-02 12:59:29 INFO  JtaPlatformInitiator:52 - HHH000490: Using JtaPlatform implementation: [org.hibernate.engine.transaction.jta.platform.internal.NoJtaPlatform]
2021-01-02 12:59:29 INFO  LocalContainerEntityManagerFactoryBean:437 - Initialized JPA EntityManagerFactory for persistence unit 'default'
2021-01-02 12:59:29 WARN  JpaBaseConfiguration$JpaWebConfiguration:221 - spring.jpa.open-in-view is enabled by default. Therefore, database queries may be performed during view rendering. Explicitly configure spring.jpa.open-in-view to disable this warning
2021-01-02 12:59:29 INFO  ThreadPoolTaskExecutor:181 - Initializing ExecutorService 'applicationTaskExecutor'
2021-01-02 12:59:29 INFO  WelcomePageHandlerMapping:58 - Adding welcome page template: index
2021-01-02 12:59:30 INFO  TomcatWebServer:220 - Tomcat started on port(s): 9090 (http) with context path ''
2021-01-02 12:59:30 INFO  ProductoApplication:61 - Started ProductoApplication in 5.993 seconds (JVM running for 6.688)
2021-01-02 13:00:09 INFO  DispatcherServlet:525 - Initializing Servlet 'dispatcherServlet'
2021-01-02 13:00:09 INFO  DispatcherServlet:547 - Completed initialization in 2 ms
2021-01-02 13:02:02 INFO  ThreadPoolTaskExecutor:218 - Shutting down ExecutorService 'applicationTaskExecutor'
2021-01-02 13:02:02 INFO  LocalContainerEntityManagerFactoryBean:651 - Closing JPA EntityManagerFactory for persistence unit 'default'
2021-01-02 13:02:02 INFO  HikariDataSource:350 - HikariPool-1 - Shutdown initiated...
2021-01-02 13:02:02 INFO  HikariDataSource:352 - HikariPool-1 - Shutdown completed.
2021-01-02 13:02:21 INFO  ProductoApplication:55 - Starting ProductoApplication using Java 1.8.0_251 on DESKTOP-MJIUS5B with PID 9028 (C:\Users\DELL\Documents\programacion\testGit\curso-spring\producto\target\classes started by DELL in C:\Users\DELL\Documents\programacion\testGit\curso-spring\producto)
2021-01-02 13:02:21 INFO  ProductoApplication:660 - No active profile set, falling back to default profiles: default
2021-01-02 13:02:22 INFO  RepositoryConfigurationDelegate:128 - Bootstrapping Spring Data JPA repositories in DEFAULT mode.
2021-01-02 13:02:22 INFO  RepositoryConfigurationDelegate:188 - Finished Spring Data repository scanning in 62 ms. Found 1 JPA repository interfaces.
2021-01-02 13:02:23 INFO  TomcatWebServer:108 - Tomcat initialized with port(s): 9090 (http)
2021-01-02 13:02:24 INFO  ServletWebServerApplicationContext:289 - Root WebApplicationContext: initialization completed in 2822 ms
2021-01-02 13:02:24 INFO  HikariDataSource:110 - HikariPool-1 - Starting...
2021-01-02 13:02:24 INFO  HikariDataSource:123 - HikariPool-1 - Start completed.
2021-01-02 13:02:25 INFO  LogHelper:31 - HHH000204: Processing PersistenceUnitInfo [name: default]
2021-01-02 13:02:25 INFO  Version:44 - HHH000412: Hibernate ORM core version 5.4.25.Final
2021-01-02 13:02:25 INFO  Version:56 - HCANN000001: Hibernate Commons Annotations {5.1.2.Final}
2021-01-02 13:02:25 INFO  Dialect:175 - HHH000400: Using dialect: org.hibernate.dialect.PostgreSQL95Dialect
2021-01-02 13:02:26 INFO  JtaPlatformInitiator:52 - HHH000490: Using JtaPlatform implementation: [org.hibernate.engine.transaction.jta.platform.internal.NoJtaPlatform]
2021-01-02 13:02:26 INFO  LocalContainerEntityManagerFactoryBean:437 - Initialized JPA EntityManagerFactory for persistence unit 'default'
2021-01-02 13:02:26 WARN  JpaBaseConfiguration$JpaWebConfiguration:221 - spring.jpa.open-in-view is enabled by default. Therefore, database queries may be performed during view rendering. Explicitly configure spring.jpa.open-in-view to disable this warning
2021-01-02 13:02:26 INFO  ThreadPoolTaskExecutor:181 - Initializing ExecutorService 'applicationTaskExecutor'
2021-01-02 13:02:26 INFO  WelcomePageHandlerMapping:58 - Adding welcome page template: index
2021-01-02 13:02:26 INFO  TomcatWebServer:220 - Tomcat started on port(s): 9090 (http) with context path ''
2021-01-02 13:02:26 INFO  ProductoApplication:61 - Started ProductoApplication in 5.839 seconds (JVM running for 6.569)
2021-01-02 13:03:34 INFO  DispatcherServlet:525 - Initializing Servlet 'dispatcherServlet'
2021-01-02 13:03:34 INFO  DispatcherServlet:547 - Completed initialization in 2 ms
2021-01-02 13:05:42 INFO  ThreadPoolTaskExecutor:218 - Shutting down ExecutorService 'applicationTaskExecutor'
2021-01-02 13:05:42 INFO  LocalContainerEntityManagerFactoryBean:651 - Closing JPA EntityManagerFactory for persistence unit 'default'
2021-01-02 13:05:42 INFO  HikariDataSource:350 - HikariPool-1 - Shutdown initiated...
2021-01-02 13:05:42 INFO  HikariDataSource:352 - HikariPool-1 - Shutdown completed.
