2021-01-01 15:19:49 INFO  Version:21 - HV000001: Hibernate Validator 6.0.18.Final
2021-01-01 15:19:49 INFO  CurseApplication:55 - Starting CurseApplication on DESKTOP-MJIUS5B with PID 10912 (C:\Users\DELL\Documents\programacion\testGit\curso-spring\curso\target\classes started by DELL in C:\Users\DELL\Documents\programacion\testGit\curso-spring\curso)
2021-01-01 15:19:49 INFO  CurseApplication:651 - No active profile set, falling back to default profiles: default
2021-01-01 15:19:50 INFO  RepositoryConfigurationDelegate:127 - Bootstrapping Spring Data JPA repositories in DEFAULT mode.
2021-01-01 15:19:50 INFO  RepositoryConfigurationDelegate:187 - Finished Spring Data repository scanning in 65ms. Found 1 JPA repository interfaces.
2021-01-01 15:19:50 INFO  TomcatWebServer:92 - Tomcat initialized with port(s): 8091 (http)
2021-01-01 15:19:52 INFO  ContextLoader:284 - Root WebApplicationContext: initialization completed in 2688 ms
2021-01-01 15:19:52 INFO  HikariDataSource:110 - HikariPool-1 - Starting...
2021-01-01 15:19:52 INFO  HikariDataSource:123 - HikariPool-1 - Start completed.
2021-01-01 15:19:52 INFO  LogHelper:31 - HHH000204: Processing PersistenceUnitInfo [name: default]
2021-01-01 15:19:52 INFO  Version:44 - HHH000412: Hibernate ORM core version 5.4.12.Final
2021-01-01 15:19:52 INFO  Version:49 - HCANN000001: Hibernate Commons Annotations {5.1.0.Final}
2021-01-01 15:19:52 INFO  Dialect:172 - HHH000400: Using dialect: org.hibernate.dialect.PostgreSQL95Dialect
2021-01-01 15:19:53 INFO  JtaPlatformInitiator:52 - HHH000490: Using JtaPlatform implementation: [org.hibernate.engine.transaction.jta.platform.internal.NoJtaPlatform]
2021-01-01 15:19:53 INFO  LocalContainerEntityManagerFactoryBean:416 - Initialized JPA EntityManagerFactory for persistence unit 'default'
2021-01-01 15:19:54 WARN  JpaBaseConfiguration$JpaWebConfiguration:220 - spring.jpa.open-in-view is enabled by default. Therefore, database queries may be performed during view rendering. Explicitly configure spring.jpa.open-in-view to disable this warning
2021-01-01 15:19:54 INFO  ThreadPoolTaskExecutor:181 - Initializing ExecutorService 'applicationTaskExecutor'
2021-01-01 15:19:54 INFO  WelcomePageHandlerMapping:58 - Adding welcome page template: index
2021-01-01 15:19:54 INFO  TomcatWebServer:204 - Tomcat started on port(s): 8091 (http) with context path ''
2021-01-01 15:19:54 INFO  CurseApplication:61 - Started CurseApplication in 5.779 seconds (JVM running for 6.593)
2021-01-01 15:20:04 INFO  DispatcherServlet:525 - Initializing Servlet 'dispatcherServlet'
2021-01-01 15:20:04 INFO  DispatcherServlet:547 - Completed initialization in 12 ms
2021-01-01 15:20:04 INFO  CuponRestController:43 - Obtenemos todos los cupones
2021-01-01 15:20:12 INFO  ThreadPoolTaskExecutor:218 - Shutting down ExecutorService 'applicationTaskExecutor'
2021-01-01 15:20:12 INFO  LocalContainerEntityManagerFactoryBean:598 - Closing JPA EntityManagerFactory for persistence unit 'default'
2021-01-01 15:20:12 INFO  HikariDataSource:350 - HikariPool-1 - Shutdown initiated...
2021-01-01 15:20:12 INFO  HikariDataSource:352 - HikariPool-1 - Shutdown completed.
